{"/Users/sam/MyFolder/Projects/promptwars/src/application/useLiveRecording.ts": {"path":"/Users/sam/MyFolder/Projects/promptwars/src/application/useLiveRecording.ts","statementMap":{"0":{"start":{"line":10,"column":13},"end":{"line":141,"column":null}},"1":{"start":{"line":11,"column":22},"end":{"line":11,"column":55}},"2":{"start":{"line":12,"column":22},"end":{"line":12,"column":70}},"3":{"start":{"line":13,"column":27},"end":{"line":13,"column":72}},"4":{"start":{"line":14,"column":23},"end":{"line":14,"column":64}},"5":{"start":{"line":16,"column":8},"end":{"line":16,"column":46}},"6":{"start":{"line":17,"column":8},"end":{"line":17,"column":59}},"7":{"start":{"line":18,"column":8},"end":{"line":18,"column":52}},"8":{"start":{"line":19,"column":8},"end":{"line":19,"column":63}},"9":{"start":{"line":21,"column":8},"end":{"line":111,"column":8}},"10":{"start":{"line":22,"column":4},"end":{"line":109,"column":null}},"11":{"start":{"line":23,"column":25},"end":{"line":23,"column":null}},"12":{"start":{"line":24,"column":6},"end":{"line":26,"column":null}},"13":{"start":{"line":25,"column":25},"end":{"line":25,"column":null}},"14":{"start":{"line":26,"column":8},"end":{"line":26,"column":null}},"15":{"start":{"line":28,"column":20},"end":{"line":28,"column":null}},"16":{"start":{"line":29,"column":21},"end":{"line":29,"column":41}},"17":{"start":{"line":30,"column":6},"end":{"line":30,"column":null}},"18":{"start":{"line":32,"column":6},"end":{"line":34,"column":null}},"19":{"start":{"line":33,"column":8},"end":{"line":33,"column":null}},"20":{"start":{"line":34,"column":8},"end":{"line":34,"column":null}},"21":{"start":{"line":37,"column":6},"end":{"line":66,"column":null}},"22":{"start":{"line":38,"column":21},"end":{"line":38,"column":43}},"23":{"start":{"line":39,"column":8},"end":{"line":66,"column":null}},"24":{"start":{"line":40,"column":10},"end":{"line":54,"column":null}},"25":{"start":{"line":41,"column":28},"end":{"line":41,"column":37}},"26":{"start":{"line":44,"column":12},"end":{"line":51,"column":null}},"27":{"start":{"line":45,"column":43},"end":{"line":50,"column":null}},"28":{"start":{"line":51,"column":14},"end":{"line":51,"column":null}},"29":{"start":{"line":53,"column":12},"end":{"line":53,"column":null}},"30":{"start":{"line":55,"column":19},"end":{"line":66,"column":null}},"31":{"start":{"line":56,"column":10},"end":{"line":60,"column":null}},"32":{"start":{"line":57,"column":12},"end":{"line":60,"column":null}},"33":{"start":{"line":58,"column":29},"end":{"line":58,"column":65}},"34":{"start":{"line":59,"column":14},"end":{"line":59,"column":null}},"35":{"start":{"line":62,"column":10},"end":{"line":66,"column":null}},"36":{"start":{"line":63,"column":12},"end":{"line":66,"column":null}},"37":{"start":{"line":64,"column":29},"end":{"line":64,"column":61}},"38":{"start":{"line":65,"column":14},"end":{"line":65,"column":null}},"39":{"start":{"line":72,"column":21},"end":{"line":79,"column":8}},"40":{"start":{"line":80,"column":6},"end":{"line":80,"column":null}},"41":{"start":{"line":82,"column":27},"end":{"line":84,"column":8}},"42":{"start":{"line":85,"column":6},"end":{"line":85,"column":null}},"43":{"start":{"line":87,"column":21},"end":{"line":87,"column":65}},"44":{"start":{"line":88,"column":24},"end":{"line":88,"column":70}},"45":{"start":{"line":89,"column":6},"end":{"line":89,"column":null}},"46":{"start":{"line":91,"column":6},"end":{"line":91,"column":null}},"47":{"start":{"line":92,"column":6},"end":{"line":92,"column":null}},"48":{"start":{"line":94,"column":6},"end":{"line":104,"column":null}},"49":{"start":{"line":95,"column":8},"end":{"line":95,"column":null}},"50":{"start":{"line":95,"column":75},"end":{"line":95,"column":null}},"51":{"start":{"line":97,"column":26},"end":{"line":97,"column":57}},"52":{"start":{"line":99,"column":23},"end":{"line":99,"column":55}},"53":{"start":{"line":100,"column":8},"end":{"line":102,"column":null}},"54":{"start":{"line":100,"column":21},"end":{"line":100,"column":24}},"55":{"start":{"line":101,"column":18},"end":{"line":101,"column":57}},"56":{"start":{"line":102,"column":10},"end":{"line":102,"column":null}},"57":{"start":{"line":104,"column":8},"end":{"line":104,"column":null}},"58":{"start":{"line":108,"column":6},"end":{"line":108,"column":null}},"59":{"start":{"line":109,"column":6},"end":{"line":109,"column":null}},"60":{"start":{"line":113,"column":8},"end":{"line":132,"column":8}},"61":{"start":{"line":114,"column":4},"end":{"line":116,"column":null}},"62":{"start":{"line":115,"column":6},"end":{"line":115,"column":null}},"63":{"start":{"line":116,"column":6},"end":{"line":116,"column":null}},"64":{"start":{"line":118,"column":4},"end":{"line":120,"column":null}},"65":{"start":{"line":119,"column":6},"end":{"line":119,"column":null}},"66":{"start":{"line":119,"column":55},"end":{"line":119,"column":67}},"67":{"start":{"line":120,"column":6},"end":{"line":120,"column":null}},"68":{"start":{"line":122,"column":4},"end":{"line":125,"column":null}},"69":{"start":{"line":123,"column":6},"end":{"line":125,"column":null}},"70":{"start":{"line":124,"column":8},"end":{"line":124,"column":null}},"71":{"start":{"line":127,"column":4},"end":{"line":129,"column":null}},"72":{"start":{"line":128,"column":6},"end":{"line":128,"column":null}},"73":{"start":{"line":129,"column":6},"end":{"line":129,"column":null}},"74":{"start":{"line":131,"column":4},"end":{"line":131,"column":null}},"75":{"start":{"line":134,"column":2},"end":{"line":141,"column":null}}},"fnMap":{"0":{"name":"(anonymous_0)","decl":{"start":{"line":10,"column":13},"end":{"line":10,"column":38}},"loc":{"start":{"line":10,"column":38},"end":{"line":141,"column":null}},"line":10},"1":{"name":"(anonymous_1)","decl":{"start":{"line":21,"column":37},"end":{"line":21,"column":49}},"loc":{"start":{"line":21,"column":49},"end":{"line":111,"column":7}},"line":21},"2":{"name":"(anonymous_2)","decl":{"start":{"line":32,"column":13},"end":{"line":32,"column":28}},"loc":{"start":{"line":32,"column":28},"end":{"line":34,"column":null}},"line":32},"3":{"name":"(anonymous_3)","decl":{"start":{"line":37,"column":13},"end":{"line":37,"column":26}},"loc":{"start":{"line":37,"column":36},"end":{"line":66,"column":null}},"line":37},"4":{"name":"(anonymous_4)","decl":{"start":{"line":40,"column":10},"end":{"line":40,"column":26}},"loc":{"start":{"line":40,"column":35},"end":{"line":54,"column":null}},"line":40},"5":{"name":"(anonymous_5)","decl":{"start":{"line":57,"column":12},"end":{"line":57,"column":33}},"loc":{"start":{"line":57,"column":42},"end":{"line":60,"column":null}},"line":57},"6":{"name":"(anonymous_6)","decl":{"start":{"line":63,"column":12},"end":{"line":63,"column":29}},"loc":{"start":{"line":63,"column":38},"end":{"line":66,"column":null}},"line":63},"7":{"name":"(anonymous_7)","decl":{"start":{"line":94,"column":16},"end":{"line":94,"column":34}},"loc":{"start":{"line":94,"column":40},"end":{"line":104,"column":null}},"line":94},"8":{"name":"(anonymous_8)","decl":{"start":{"line":113,"column":24},"end":{"line":113,"column":42}},"loc":{"start":{"line":113,"column":42},"end":{"line":132,"column":7}},"line":113},"9":{"name":"(anonymous_9)","decl":{"start":{"line":119,"column":36},"end":{"line":119,"column":45}},"loc":{"start":{"line":119,"column":55},"end":{"line":119,"column":67}},"line":119},"10":{"name":"(anonymous_10)","decl":{"start":{"line":123,"column":38},"end":{"line":123,"column":49}},"loc":{"start":{"line":123,"column":49},"end":{"line":125,"column":null}},"line":123}},"branchMap":{"0":{"loc":{"start":{"line":24,"column":6},"end":{"line":26,"column":null}},"type":"if","locations":[{"start":{"line":24,"column":6},"end":{"line":26,"column":null}},{"start":{},"end":{}}],"line":24},"1":{"loc":{"start":{"line":24,"column":10},"end":{"line":24,"column":85}},"type":"binary-expr","locations":[{"start":{"line":24,"column":10},"end":{"line":24,"column":43}},{"start":{"line":24,"column":43},"end":{"line":24,"column":85}}],"line":24},"2":{"loc":{"start":{"line":25,"column":25},"end":{"line":25,"column":null}},"type":"cond-expr","locations":[{"start":{"line":25,"column":65},"end":{"line":25,"column":74}},{"start":{"line":25,"column":74},"end":{"line":25,"column":null}}],"line":25},"3":{"loc":{"start":{"line":28,"column":20},"end":{"line":28,"column":null}},"type":"binary-expr","locations":[{"start":{"line":28,"column":20},"end":{"line":28,"column":51}},{"start":{"line":28,"column":51},"end":{"line":28,"column":null}}],"line":28},"4":{"loc":{"start":{"line":39,"column":8},"end":{"line":66,"column":null}},"type":"if","locations":[{"start":{"line":39,"column":8},"end":{"line":66,"column":null}},{"start":{"line":55,"column":19},"end":{"line":66,"column":null}}],"line":39},"5":{"loc":{"start":{"line":44,"column":12},"end":{"line":51,"column":null}},"type":"if","locations":[{"start":{"line":44,"column":12},"end":{"line":51,"column":null}},{"start":{},"end":{}}],"line":44},"6":{"loc":{"start":{"line":55,"column":19},"end":{"line":66,"column":null}},"type":"if","locations":[{"start":{"line":55,"column":19},"end":{"line":66,"column":null}},{"start":{},"end":{}}],"line":55},"7":{"loc":{"start":{"line":56,"column":10},"end":{"line":60,"column":null}},"type":"if","locations":[{"start":{"line":56,"column":10},"end":{"line":60,"column":null}},{"start":{},"end":{}}],"line":56},"8":{"loc":{"start":{"line":56,"column":14},"end":{"line":56,"column":57}},"type":"binary-expr","locations":[{"start":{"line":56,"column":14},"end":{"line":56,"column":31}},{"start":{"line":56,"column":31},"end":{"line":56,"column":57}}],"line":56},"9":{"loc":{"start":{"line":62,"column":10},"end":{"line":66,"column":null}},"type":"if","locations":[{"start":{"line":62,"column":10},"end":{"line":66,"column":null}},{"start":{},"end":{}}],"line":62},"10":{"loc":{"start":{"line":62,"column":14},"end":{"line":62,"column":49}},"type":"binary-expr","locations":[{"start":{"line":62,"column":14},"end":{"line":62,"column":27}},{"start":{"line":62,"column":27},"end":{"line":62,"column":49}}],"line":62},"11":{"loc":{"start":{"line":82,"column":32},"end":{"line":82,"column":91}},"type":"binary-expr","locations":[{"start":{"line":82,"column":32},"end":{"line":82,"column":56}},{"start":{"line":82,"column":56},"end":{"line":82,"column":91}}],"line":82},"12":{"loc":{"start":{"line":95,"column":8},"end":{"line":95,"column":null}},"type":"if","locations":[{"start":{"line":95,"column":8},"end":{"line":95,"column":null}},{"start":{},"end":{}}],"line":95},"13":{"loc":{"start":{"line":95,"column":12},"end":{"line":95,"column":75}},"type":"binary-expr","locations":[{"start":{"line":95,"column":12},"end":{"line":95,"column":30}},{"start":{"line":95,"column":30},"end":{"line":95,"column":75}}],"line":95},"14":{"loc":{"start":{"line":102,"column":22},"end":{"line":102,"column":null}},"type":"cond-expr","locations":[{"start":{"line":102,"column":30},"end":{"line":102,"column":43}},{"start":{"line":102,"column":43},"end":{"line":102,"column":null}}],"line":102},"15":{"loc":{"start":{"line":114,"column":4},"end":{"line":116,"column":null}},"type":"if","locations":[{"start":{"line":114,"column":4},"end":{"line":116,"column":null}},{"start":{},"end":{}}],"line":114},"16":{"loc":{"start":{"line":118,"column":4},"end":{"line":120,"column":null}},"type":"if","locations":[{"start":{"line":118,"column":4},"end":{"line":120,"column":null}},{"start":{},"end":{}}],"line":118},"17":{"loc":{"start":{"line":122,"column":4},"end":{"line":125,"column":null}},"type":"if","locations":[{"start":{"line":122,"column":4},"end":{"line":125,"column":null}},{"start":{},"end":{}}],"line":122},"18":{"loc":{"start":{"line":127,"column":4},"end":{"line":129,"column":null}},"type":"if","locations":[{"start":{"line":127,"column":4},"end":{"line":129,"column":null}},{"start":{},"end":{}}],"line":127}},"s":{"0":1,"1":6,"2":6,"3":6,"4":6,"5":6,"6":6,"7":6,"8":6,"9":6,"10":2,"11":2,"12":2,"13":0,"14":0,"15":2,"16":2,"17":2,"18":2,"19":1,"20":1,"21":2,"22":2,"23":2,"24":1,"25":1,"26":1,"27":1,"28":1,"29":0,"30":1,"31":1,"32":1,"33":1,"34":1,"35":1,"36":1,"37":1,"38":1,"39":2,"40":2,"41":2,"42":2,"43":2,"44":2,"45":2,"46":2,"47":2,"48":2,"49":0,"50":0,"51":0,"52":0,"53":0,"54":0,"55":0,"56":0,"57":0,"58":0,"59":0,"60":6,"61":1,"62":1,"63":1,"64":1,"65":1,"66":1,"67":1,"68":1,"69":1,"70":1,"71":1,"72":1,"73":1,"74":1,"75":6},"f":{"0":6,"1":2,"2":1,"3":2,"4":1,"5":1,"6":1,"7":0,"8":1,"9":1,"10":1},"b":{"0":[0,2],"1":[2,2],"2":[0,0],"3":[2,2],"4":[1,1],"5":[1,0],"6":[1,0],"7":[1,0],"8":[1,1],"9":[1,0],"10":[1,1],"11":[2,0],"12":[0,0],"13":[0,0],"14":[0,0],"15":[1,0],"16":[1,0],"17":[1,0],"18":[1,0]},"meta":{"lastBranch":19,"lastFunction":11,"lastStatement":76,"seen":{"s:10:13:141:Infinity":0,"f:10:13:10:38":0,"s:11:22:11:55":1,"s:12:22:12:70":2,"s:13:27:13:72":3,"s:14:23:14:64":4,"s:16:8:16:46":5,"s:17:8:17:59":6,"s:18:8:18:52":7,"s:19:8:19:63":8,"s:21:8:111:8":9,"f:21:37:21:49":1,"s:22:4:109:Infinity":10,"s:23:25:23:Infinity":11,"b:24:6:26:Infinity:undefined:undefined:undefined:undefined":0,"s:24:6:26:Infinity":12,"b:24:10:24:43:24:43:24:85":1,"s:25:25:25:Infinity":13,"b:25:65:25:74:25:74:25:Infinity":2,"s:26:8:26:Infinity":14,"s:28:20:28:Infinity":15,"b:28:20:28:51:28:51:28:Infinity":3,"s:29:21:29:41":16,"s:30:6:30:Infinity":17,"s:32:6:34:Infinity":18,"f:32:13:32:28":2,"s:33:8:33:Infinity":19,"s:34:8:34:Infinity":20,"s:37:6:66:Infinity":21,"f:37:13:37:26":3,"s:38:21:38:43":22,"b:39:8:66:Infinity:55:19:66:Infinity":4,"s:39:8:66:Infinity":23,"s:40:10:54:Infinity":24,"f:40:10:40:26":4,"s:41:28:41:37":25,"b:44:12:51:Infinity:undefined:undefined:undefined:undefined":5,"s:44:12:51:Infinity":26,"s:45:43:50:Infinity":27,"s:51:14:51:Infinity":28,"s:53:12:53:Infinity":29,"b:55:19:66:Infinity:undefined:undefined:undefined:undefined":6,"s:55:19:66:Infinity":30,"b:56:10:60:Infinity:undefined:undefined:undefined:undefined":7,"s:56:10:60:Infinity":31,"b:56:14:56:31:56:31:56:57":8,"s:57:12:60:Infinity":32,"f:57:12:57:33":5,"s:58:29:58:65":33,"s:59:14:59:Infinity":34,"b:62:10:66:Infinity:undefined:undefined:undefined:undefined":9,"s:62:10:66:Infinity":35,"b:62:14:62:27:62:27:62:49":10,"s:63:12:66:Infinity":36,"f:63:12:63:29":6,"s:64:29:64:61":37,"s:65:14:65:Infinity":38,"s:72:21:79:8":39,"s:80:6:80:Infinity":40,"s:82:27:84:8":41,"b:82:32:82:56:82:56:82:91":11,"s:85:6:85:Infinity":42,"s:87:21:87:65":43,"s:88:24:88:70":44,"s:89:6:89:Infinity":45,"s:91:6:91:Infinity":46,"s:92:6:92:Infinity":47,"s:94:6:104:Infinity":48,"f:94:16:94:34":7,"b:95:8:95:Infinity:undefined:undefined:undefined:undefined":12,"s:95:8:95:Infinity":49,"b:95:12:95:30:95:30:95:75":13,"s:95:75:95:Infinity":50,"s:97:26:97:57":51,"s:99:23:99:55":52,"s:100:8:102:Infinity":53,"s:100:21:100:24":54,"s:101:18:101:57":55,"s:102:10:102:Infinity":56,"b:102:30:102:43:102:43:102:Infinity":14,"s:104:8:104:Infinity":57,"s:108:6:108:Infinity":58,"s:109:6:109:Infinity":59,"s:113:8:132:8":60,"f:113:24:113:42":8,"b:114:4:116:Infinity:undefined:undefined:undefined:undefined":15,"s:114:4:116:Infinity":61,"s:115:6:115:Infinity":62,"s:116:6:116:Infinity":63,"b:118:4:120:Infinity:undefined:undefined:undefined:undefined":16,"s:118:4:120:Infinity":64,"s:119:6:119:Infinity":65,"f:119:36:119:45":9,"s:119:55:119:67":66,"s:120:6:120:Infinity":67,"b:122:4:125:Infinity:undefined:undefined:undefined:undefined":17,"s:122:4:125:Infinity":68,"s:123:6:125:Infinity":69,"f:123:38:123:49":10,"s:124:8:124:Infinity":70,"b:127:4:129:Infinity:undefined:undefined:undefined:undefined":18,"s:127:4:129:Infinity":71,"s:128:6:128:Infinity":72,"s:129:6:129:Infinity":73,"s:131:4:131:Infinity":74,"s:134:2:141:Infinity":75}}}
,"/Users/sam/MyFolder/Projects/promptwars/src/presentation/components/UI.tsx": {"path":"/Users/sam/MyFolder/Projects/promptwars/src/presentation/components/UI.tsx","statementMap":{"0":{"start":{"line":3,"column":13},"end":{"line":13,"column":null}},"1":{"start":{"line":4,"column":2},"end":{"line":13,"column":null}},"2":{"start":{"line":24,"column":13},"end":{"line":28,"column":null}},"3":{"start":{"line":25,"column":2},"end":{"line":28,"column":null}},"4":{"start":{"line":38,"column":13},"end":{"line":42,"column":null}},"5":{"start":{"line":39,"column":2},"end":{"line":42,"column":null}},"6":{"start":{"line":51,"column":13},"end":{"line":55,"column":null}},"7":{"start":{"line":52,"column":2},"end":{"line":55,"column":null}}},"fnMap":{"0":{"name":"(anonymous_0)","decl":{"start":{"line":3,"column":13},"end":{"line":3,"column":null}},"loc":{"start":{"line":4,"column":2},"end":{"line":13,"column":null}},"line":4},"1":{"name":"(anonymous_1)","decl":{"start":{"line":24,"column":13},"end":{"line":24,"column":42}},"loc":{"start":{"line":24,"column":99},"end":{"line":28,"column":null}},"line":24},"2":{"name":"(anonymous_2)","decl":{"start":{"line":38,"column":13},"end":{"line":38,"column":44}},"loc":{"start":{"line":38,"column":95},"end":{"line":42,"column":null}},"line":38},"3":{"name":"(anonymous_3)","decl":{"start":{"line":51,"column":13},"end":{"line":51,"column":46}},"loc":{"start":{"line":51,"column":117},"end":{"line":55,"column":null}},"line":51}},"branchMap":{"0":{"loc":{"start":{"line":24,"column":54},"end":{"line":24,"column":70}},"type":"default-arg","locations":[{"start":{"line":24,"column":66},"end":{"line":24,"column":70}}],"line":24},"1":{"loc":{"start":{"line":24,"column":70},"end":{"line":24,"column":87}},"type":"default-arg","locations":[{"start":{"line":24,"column":80},"end":{"line":24,"column":87}}],"line":24},"2":{"loc":{"start":{"line":26,"column":23},"end":{"line":26,"column":57}},"type":"cond-expr","locations":[{"start":{"line":26,"column":33},"end":{"line":26,"column":50}},{"start":{"line":26,"column":50},"end":{"line":26,"column":57}}],"line":26},"3":{"loc":{"start":{"line":38,"column":56},"end":{"line":38,"column":74}},"type":"default-arg","locations":[{"start":{"line":38,"column":66},"end":{"line":38,"column":74}}],"line":38},"4":{"loc":{"start":{"line":38,"column":74},"end":{"line":38,"column":95}},"type":"default-arg","locations":[{"start":{"line":38,"column":86},"end":{"line":38,"column":95}}],"line":38},"5":{"loc":{"start":{"line":51,"column":58},"end":{"line":51,"column":79}},"type":"default-arg","locations":[{"start":{"line":51,"column":68},"end":{"line":51,"column":79}}],"line":51},"6":{"loc":{"start":{"line":51,"column":79},"end":{"line":51,"column":95}},"type":"default-arg","locations":[{"start":{"line":51,"column":91},"end":{"line":51,"column":95}}],"line":51}},"s":{"0":1,"1":0,"2":1,"3":9,"4":1,"5":5,"6":1,"7":4},"f":{"0":0,"1":9,"2":5,"3":4},"b":{"0":[9],"1":[9],"2":[0,9],"3":[5],"4":[5],"5":[4],"6":[4]},"meta":{"lastBranch":7,"lastFunction":4,"lastStatement":8,"seen":{"s:3:13:13:Infinity":0,"f:3:13:3:Infinity":0,"s:4:2:13:Infinity":1,"s:24:13:28:Infinity":2,"f:24:13:24:42":1,"b:24:66:24:70":0,"b:24:80:24:87":1,"s:25:2:28:Infinity":3,"b:26:33:26:50:26:50:26:57":2,"s:38:13:42:Infinity":4,"f:38:13:38:44":2,"b:38:66:38:74":3,"b:38:86:38:95":4,"s:39:2:42:Infinity":5,"s:51:13:55:Infinity":6,"f:51:13:51:46":3,"b:51:68:51:79":5,"b:51:91:51:95":6,"s:52:2:55:Infinity":7}}}
,"/Users/sam/MyFolder/Projects/promptwars/src/presentation/pages/Recordings.tsx": {"path":"/Users/sam/MyFolder/Projects/promptwars/src/presentation/pages/Recordings.tsx","statementMap":{"0":{"start":{"line":8,"column":6},"end":{"line":14,"column":null}},"1":{"start":{"line":9,"column":2},"end":{"line":14,"column":null}},"2":{"start":{"line":10,"column":24},"end":{"line":10,"column":null}},"3":{"start":{"line":11,"column":23},"end":{"line":11,"column":null}},"4":{"start":{"line":12,"column":25},"end":{"line":12,"column":null}},"5":{"start":{"line":13,"column":23},"end":{"line":13,"column":null}},"6":{"start":{"line":14,"column":13},"end":{"line":14,"column":null}},"7":{"start":{"line":18,"column":73},"end":{"line":106,"column":null}},"8":{"start":{"line":19,"column":19},"end":{"line":19,"column":59}},"9":{"start":{"line":21,"column":2},"end":{"line":100,"column":null}},"10":{"start":{"line":50,"column":16},"end":{"line":60,"column":null}},"11":{"start":{"line":71,"column":16},"end":{"line":71,"column":null}},"12":{"start":{"line":81,"column":27},"end":{"line":81,"column":49}},"13":{"start":{"line":93,"column":16},"end":{"line":98,"column":null}},"14":{"start":{"line":108,"column":0},"end":{"line":108,"column":null}},"15":{"start":{"line":110,"column":6},"end":{"line":239,"column":null}},"16":{"start":{"line":111,"column":27},"end":{"line":111,"column":63}},"17":{"start":{"line":112,"column":84},"end":{"line":112,"column":120}},"18":{"start":{"line":114,"column":2},"end":{"line":114,"column":null}},"19":{"start":{"line":114,"column":33},"end":{"line":114,"column":null}},"20":{"start":{"line":117,"column":8},"end":{"line":119,"column":21}},"21":{"start":{"line":118,"column":4},"end":{"line":118,"column":null}},"22":{"start":{"line":118,"column":45},"end":{"line":118,"column":100}},"23":{"start":{"line":121,"column":2},"end":{"line":239,"column":null}},"24":{"start":{"line":153,"column":16},"end":{"line":158,"column":null}},"25":{"start":{"line":169,"column":22},"end":{"line":171,"column":null}},"26":{"start":{"line":180,"column":22},"end":{"line":182,"column":null}},"27":{"start":{"line":237,"column":10},"end":{"line":237,"column":null}}},"fnMap":{"0":{"name":"(anonymous_0)","decl":{"start":{"line":8,"column":6},"end":{"line":8,"column":22}},"loc":{"start":{"line":8,"column":85},"end":{"line":14,"column":null}},"line":8},"1":{"name":"(anonymous_1)","decl":{"start":{"line":18,"column":79},"end":{"line":18,"column":85}},"loc":{"start":{"line":18,"column":124},"end":{"line":106,"column":null}},"line":18},"2":{"name":"(anonymous_2)","decl":{"start":{"line":49,"column":43},"end":{"line":49,"column":47}},"loc":{"start":{"line":50,"column":16},"end":{"line":60,"column":null}},"line":50},"3":{"name":"(anonymous_3)","decl":{"start":{"line":70,"column":37},"end":{"line":70,"column":42}},"loc":{"start":{"line":71,"column":16},"end":{"line":71,"column":null}},"line":71},"4":{"name":"(anonymous_4)","decl":{"start":{"line":81,"column":12},"end":{"line":81,"column":27}},"loc":{"start":{"line":81,"column":27},"end":{"line":81,"column":49}},"line":81},"5":{"name":"(anonymous_5)","decl":{"start":{"line":92,"column":32},"end":{"line":92,"column":37}},"loc":{"start":{"line":93,"column":16},"end":{"line":98,"column":null}},"line":93},"6":{"name":"(anonymous_6)","decl":{"start":{"line":110,"column":6},"end":{"line":110,"column":35}},"loc":{"start":{"line":110,"column":35},"end":{"line":239,"column":null}},"line":110},"7":{"name":"(anonymous_7)","decl":{"start":{"line":117,"column":23},"end":{"line":117,"column":37}},"loc":{"start":{"line":117,"column":37},"end":{"line":119,"column":6}},"line":117},"8":{"name":"(anonymous_8)","decl":{"start":{"line":118,"column":30},"end":{"line":118,"column":36}},"loc":{"start":{"line":118,"column":45},"end":{"line":118,"column":100}},"line":118},"9":{"name":"(anonymous_9)","decl":{"start":{"line":152,"column":27},"end":{"line":152,"column":32}},"loc":{"start":{"line":153,"column":16},"end":{"line":158,"column":null}},"line":153},"10":{"name":"(anonymous_10)","decl":{"start":{"line":168,"column":34},"end":{"line":168,"column":39}},"loc":{"start":{"line":169,"column":22},"end":{"line":171,"column":null}},"line":169},"11":{"name":"(anonymous_11)","decl":{"start":{"line":179,"column":38},"end":{"line":179,"column":43}},"loc":{"start":{"line":180,"column":22},"end":{"line":182,"column":null}},"line":180},"12":{"name":"(anonymous_12)","decl":{"start":{"line":236,"column":22},"end":{"line":236,"column":27}},"loc":{"start":{"line":237,"column":10},"end":{"line":237,"column":null}},"line":237}},"branchMap":{"0":{"loc":{"start":{"line":9,"column":2},"end":{"line":14,"column":null}},"type":"switch","locations":[{"start":{"line":10,"column":4},"end":{"line":10,"column":null}},{"start":{"line":11,"column":4},"end":{"line":11,"column":null}},{"start":{"line":12,"column":4},"end":{"line":12,"column":null}},{"start":{"line":13,"column":4},"end":{"line":13,"column":null}},{"start":{"line":14,"column":4},"end":{"line":14,"column":null}}],"line":9},"1":{"loc":{"start":{"line":18,"column":94},"end":{"line":18,"column":124}},"type":"default-arg","locations":[{"start":{"line":18,"column":112},"end":{"line":18,"column":124}}],"line":18},"2":{"loc":{"start":{"line":45,"column":9},"end":{"line":66,"column":15}},"type":"binary-expr","locations":[{"start":{"line":45,"column":9},"end":{"line":45,"column":null}},{"start":{"line":46,"column":10},"end":{"line":66,"column":15}}],"line":45},"3":{"loc":{"start":{"line":54,"column":73},"end":{"line":54,"column":null}},"type":"cond-expr","locations":[{"start":{"line":54,"column":88},"end":{"line":54,"column":110}},{"start":{"line":54,"column":110},"end":{"line":54,"column":null}}],"line":54},"4":{"loc":{"start":{"line":55,"column":19},"end":{"line":57,"column":null}},"type":"binary-expr","locations":[{"start":{"line":55,"column":19},"end":{"line":55,"column":null}},{"start":{"line":56,"column":20},"end":{"line":57,"column":null}}],"line":55},"5":{"loc":{"start":{"line":66,"column":9},"end":{"line":74,"column":null}},"type":"binary-expr","locations":[{"start":{"line":66,"column":9},"end":{"line":66,"column":null}},{"start":{"line":67,"column":10},"end":{"line":74,"column":null}}],"line":66},"6":{"loc":{"start":{"line":78,"column":7},"end":{"line":100,"column":null}},"type":"binary-expr","locations":[{"start":{"line":78,"column":7},"end":{"line":78,"column":27}},{"start":{"line":78,"column":27},"end":{"line":78,"column":null}},{"start":{"line":79,"column":8},"end":{"line":100,"column":null}}],"line":78},"7":{"loc":{"start":{"line":86,"column":13},"end":{"line":86,"column":null}},"type":"cond-expr","locations":[{"start":{"line":86,"column":24},"end":{"line":86,"column":51}},{"start":{"line":86,"column":50},"end":{"line":86,"column":null}}],"line":86},"8":{"loc":{"start":{"line":87,"column":13},"end":{"line":87,"column":40}},"type":"cond-expr","locations":[{"start":{"line":87,"column":24},"end":{"line":87,"column":33}},{"start":{"line":87,"column":33},"end":{"line":87,"column":40}}],"line":87},"9":{"loc":{"start":{"line":90,"column":11},"end":{"line":100,"column":null}},"type":"binary-expr","locations":[{"start":{"line":90,"column":11},"end":{"line":90,"column":null}},{"start":{"line":91,"column":12},"end":{"line":100,"column":null}}],"line":90},"10":{"loc":{"start":{"line":94,"column":61},"end":{"line":94,"column":null}},"type":"cond-expr","locations":[{"start":{"line":94,"column":87},"end":{"line":94,"column":104}},{"start":{"line":94,"column":104},"end":{"line":94,"column":null}}],"line":94},"11":{"loc":{"start":{"line":114,"column":2},"end":{"line":114,"column":null}},"type":"if","locations":[{"start":{"line":114,"column":2},"end":{"line":114,"column":null}},{"start":{},"end":{}}],"line":114},"12":{"loc":{"start":{"line":114,"column":6},"end":{"line":114,"column":33}},"type":"binary-expr","locations":[{"start":{"line":114,"column":6},"end":{"line":114,"column":24}},{"start":{"line":114,"column":24},"end":{"line":114,"column":33}}],"line":114},"13":{"loc":{"start":{"line":124,"column":7},"end":{"line":205,"column":null}},"type":"cond-expr","locations":[{"start":{"line":125,"column":8},"end":{"line":191,"column":9}},{"start":{"line":191,"column":8},"end":{"line":205,"column":null}}],"line":124},"14":{"loc":{"start":{"line":151,"column":15},"end":{"line":151,"column":null}},"type":"binary-expr","locations":[{"start":{"line":151,"column":15},"end":{"line":151,"column":43}},{"start":{"line":151,"column":43},"end":{"line":151,"column":null}}],"line":151},"15":{"loc":{"start":{"line":154,"column":77},"end":{"line":154,"column":null}},"type":"cond-expr","locations":[{"start":{"line":154,"column":102},"end":{"line":154,"column":119}},{"start":{"line":154,"column":119},"end":{"line":154,"column":null}}],"line":154},"16":{"loc":{"start":{"line":155,"column":21},"end":{"line":155,"column":null}},"type":"binary-expr","locations":[{"start":{"line":155,"column":21},"end":{"line":155,"column":34}},{"start":{"line":155,"column":34},"end":{"line":155,"column":null}}],"line":155},"17":{"loc":{"start":{"line":167,"column":21},"end":{"line":168,"column":34}},"type":"binary-expr","locations":[{"start":{"line":167,"column":21},"end":{"line":167,"column":50}},{"start":{"line":167,"column":50},"end":{"line":168,"column":34}}],"line":167},"18":{"loc":{"start":{"line":178,"column":21},"end":{"line":179,"column":38}},"type":"binary-expr","locations":[{"start":{"line":178,"column":21},"end":{"line":178,"column":54}},{"start":{"line":178,"column":54},"end":{"line":179,"column":38}}],"line":178}},"s":{"0":1,"1":5,"2":3,"3":1,"4":1,"5":0,"6":0,"7":1,"8":5,"9":5,"10":6,"11":2,"12":2,"13":4,"14":1,"15":1,"16":5,"17":5,"18":5,"19":1,"20":4,"21":4,"22":1,"23":4,"24":1,"25":1,"26":1,"27":3},"f":{"0":5,"1":5,"2":6,"3":2,"4":2,"5":4,"6":5,"7":4,"8":1,"9":1,"10":1,"11":1,"12":3},"b":{"0":[3,1,1,0,0],"1":[5],"2":[5,3],"3":[3,3],"4":[6,3],"5":[5,1],"6":[5,5,3],"7":[2,1],"8":[2,1],"9":[3,2],"10":[0,4],"11":[1,4],"12":[5,4],"13":[1,3],"14":[1,0],"15":[1,0],"16":[1,0],"17":[1,0],"18":[1,0]},"meta":{"lastBranch":19,"lastFunction":13,"lastStatement":28,"seen":{"s:8:6:14:Infinity":0,"f:8:6:8:22":0,"b:10:4:10:Infinity:11:4:11:Infinity:12:4:12:Infinity:13:4:13:Infinity:14:4:14:Infinity":0,"s:9:2:14:Infinity":1,"s:10:24:10:Infinity":2,"s:11:23:11:Infinity":3,"s:12:25:12:Infinity":4,"s:13:23:13:Infinity":5,"s:14:13:14:Infinity":6,"s:18:73:106:Infinity":7,"f:18:79:18:85":1,"b:18:112:18:124":1,"s:19:19:19:59":8,"s:21:2:100:Infinity":9,"b:45:9:45:Infinity:46:10:66:15":2,"f:49:43:49:47":2,"s:50:16:60:Infinity":10,"b:54:88:54:110:54:110:54:Infinity":3,"b:55:19:55:Infinity:56:20:57:Infinity":4,"b:66:9:66:Infinity:67:10:74:Infinity":5,"f:70:37:70:42":3,"s:71:16:71:Infinity":11,"b:78:7:78:27:78:27:78:Infinity:79:8:100:Infinity":6,"f:81:12:81:27":4,"s:81:27:81:49":12,"b:86:24:86:51:86:50:86:Infinity":7,"b:87:24:87:33:87:33:87:40":8,"b:90:11:90:Infinity:91:12:100:Infinity":9,"f:92:32:92:37":5,"s:93:16:98:Infinity":13,"b:94:87:94:104:94:104:94:Infinity":10,"s:108:0:108:Infinity":14,"s:110:6:239:Infinity":15,"f:110:6:110:35":6,"s:111:27:111:63":16,"s:112:84:112:120":17,"b:114:2:114:Infinity:undefined:undefined:undefined:undefined":11,"s:114:2:114:Infinity":18,"b:114:6:114:24:114:24:114:33":12,"s:114:33:114:Infinity":19,"s:117:8:119:21":20,"f:117:23:117:37":7,"s:118:4:118:Infinity":21,"f:118:30:118:36":8,"s:118:45:118:100":22,"s:121:2:239:Infinity":23,"b:125:8:191:9:191:8:205:Infinity":13,"b:151:15:151:43:151:43:151:Infinity":14,"f:152:27:152:32":9,"s:153:16:158:Infinity":24,"b:154:102:154:119:154:119:154:Infinity":15,"b:155:21:155:34:155:34:155:Infinity":16,"b:167:21:167:50:167:50:168:34":17,"f:168:34:168:39":10,"s:169:22:171:Infinity":25,"b:178:21:178:54:178:54:179:38":18,"f:179:38:179:43":11,"s:180:22:182:Infinity":26,"f:236:22:236:27":12,"s:237:10:237:Infinity":27}}}
}
